[atimils@home cis_phase2]$ ./server
[Server] CIS server started
[Server] Socket: /tmp/cis.sock
[Server] Waiting for clients...
[atimils@home cis_phase2]$
[Server] Client 'user1' joined (slot 0)
[Server] 'user1' is now controller

[Server] Client 'user2' joined (slot 1)

[Server] Client 'user3' joined (slot 2)
[Server] user2 pressed Ctrl+T (request control)
[Server] Client user2 queued for control (position: 1)
[Server] user3 pressed Ctrl+T (request control)
[Server] Client user3 queued for control (position: 2)
ls
CHANGES.md  demo_transcript.txt  POSTMORTEM.md  server  trace
client       Makefile         README.md      src
[atimils@home cis_phase2]$ [Server] user1 pressed Ctrl+R (release control)
[Server] user1 released control
[Server] Control granted to user2
pwd
/home/atimils/OS/cis_phase2
[atimils@home cis_phase2]$ [Server] user2 pressed Ctrl+R (release control)
[Server] user2 released control
[Server] Control granted to user3
date
Sun Mar 15 03:11:50 PM CDT 2026
[atimils@home cis_phase2]$ [Server] user3 pressed Ctrl+R (release control)
[Server] user3 released control